[05:01:39] [ServerMain/INFO]: Environment: authHost='https://authserver.mojang.com', accountsHost='https://api.mojang.com', sessionHost='https://sessionserver.mojang.com', servicesHost='https://api.minecraftservices.com', name='PROD'
[05:01:41] [ServerMain/INFO]: Loaded 7 recipes
[05:01:41] [ServerMain/INFO]: Loaded 1271 advancements
[05:01:42] [Server thread/INFO]: Starting minecraft server version 1.20.1
[05:01:42] [Server thread/INFO]: Loading properties
[05:01:42] [Server thread/INFO]: Default game type: SURVIVAL
[05:01:42] [Server thread/INFO]: Generating keypair
[05:01:42] [Server thread/INFO]: Starting Minecraft server on *:5565
[05:01:42] [Server thread/INFO]: Using default channel type
[05:01:42] [Server thread/INFO]: Preparing level "world"
[05:01:44] [Server thread/INFO]: Preparing start region for dimension minecraft:overworld
[05:01:47] [Worker-Main-3/INFO]: Preparing spawn area: 0%
[05:01:47] [Worker-Main-1/INFO]: Preparing spawn area: 0%
[05:01:47] [Worker-Main-1/INFO]: Preparing spawn area: 0%
[05:01:47] [Worker-Main-1/INFO]: Preparing spawn area: 0%
[05:01:47] [Worker-Main-3/INFO]: Preparing spawn area: 0%
[05:01:47] [Worker-Main-1/INFO]: Preparing spawn area: 0%
[05:01:47] [Worker-Main-2/INFO]: Preparing spawn area: 0%
[05:01:48] [Worker-Main-2/INFO]: Preparing spawn area: 0%
[05:01:48] [Worker-Main-3/INFO]: Preparing spawn area: 1%
[05:01:49] [Worker-Main-1/INFO]: Preparing spawn area: 82%
[05:01:49] [Server thread/INFO]: Time elapsed: 4824 ms
[05:01:49] [Server thread/INFO]: Done (7.233s)! For help, type "help"
